<?xml version="1.0" encoding="UTF-8"?>
<!-- Generated by org.testng.reporters.JUnitXMLReporter -->
<testsuite ignored="0" hostname="DESKTOP-AOKGK2P" failures="0" tests="7" name="Test1" time="7.679" errors="0" timestamp="2023-07-16T23:35:17 IST">
  <testcase classname="Day1.Registration" name="register1" time="7.333"/>
  <testcase classname="Day1.Registration" name="register2" time="0.005"/>
  <testcase classname="Day2.Login" name="BlankData" time="0.004"/>
  <testcase classname="Day2.Login" name="InvalidData" time="0.004"/>
  <testcase classname="Day2.Login" name="ValidData" time="0.005"/>
  <testcase classname="Day3.ForgotPassword" name="VarifywithMail" time="0.004"/>
  <testcase classname="Day3.ForgotPassword" name="VarifywithPhone" time="0.003"/>
</testsuite> <!-- Test1 -->
