<?xml version="1.0" encoding="UTF-8"?>
<testng-results ignored="0" total="5" passed="5" failed="0" skipped="0">
  <reporter-output>
  </reporter-output>
  <suite started-at="2023-01-07T14:24:01 IST" name="Suite" finished-at="2023-01-07T14:24:02 IST" duration-ms="161">
    <groups>
    </groups>
    <test started-at="2023-01-07T14:24:01 IST" name="Test" finished-at="2023-01-07T14:24:02 IST" duration-ms="161">
      <class name="Day1.Registration">
        <test-method signature="register1()[pri:0, instance:Day1.Registration@3e8c3cb]" started-at="2023-01-07T14:24:01 IST" name="register1" finished-at="2023-01-07T14:24:01 IST" duration-ms="40" status="PASS">
          <reporter-output>
          </reporter-output>
        </test-method> <!-- register1 -->
        <test-method signature="register2()[pri:0, instance:Day1.Registration@3e8c3cb]" started-at="2023-01-07T14:24:02 IST" name="register2" finished-at="2023-01-07T14:24:02 IST" duration-ms="2" status="PASS">
          <reporter-output>
          </reporter-output>
        </test-method> <!-- register2 -->
      </class> <!-- Day1.Registration -->
    </test> <!-- Test -->
  </suite> <!-- Suite -->
  <suite started-at="2023-01-07T14:24:02 IST" name="Suite (0)" finished-at="2023-01-07T14:24:02 IST" duration-ms="14">
    <groups>
    </groups>
    <test started-at="2023-01-07T14:24:02 IST" name="Test" finished-at="2023-01-07T14:24:02 IST" duration-ms="14">
      <class name="Day2.Login">
        <test-method signature="BlankData()[pri:0, instance:Day2.Login@231f98ef]" started-at="2023-01-07T14:24:02 IST" name="BlankData" finished-at="2023-01-07T14:24:02 IST" duration-ms="2" status="PASS">
          <reporter-output>
          </reporter-output>
        </test-method> <!-- BlankData -->
        <test-method signature="InvalidData()[pri:0, instance:Day2.Login@231f98ef]" started-at="2023-01-07T14:24:02 IST" name="InvalidData" finished-at="2023-01-07T14:24:02 IST" duration-ms="3" status="PASS">
          <reporter-output>
          </reporter-output>
        </test-method> <!-- InvalidData -->
        <test-method signature="ValidData()[pri:0, instance:Day2.Login@231f98ef]" started-at="2023-01-07T14:24:02 IST" name="ValidData" finished-at="2023-01-07T14:24:02 IST" duration-ms="2" status="PASS">
          <reporter-output>
          </reporter-output>
        </test-method> <!-- ValidData -->
      </class> <!-- Day2.Login -->
    </test> <!-- Test -->
  </suite> <!-- Suite (0) -->
</testng-results>
